2025-11-03 13:49:24,953 - __main__ - INFO - === ZKTeco USB Bridge Service Iniciado ===
2025-11-03 13:49:24,954 - __main__ - INFO - Ejecutando en modo 64-bit
2025-11-03 13:49:25,019 - __main__ - INFO - DLL cargada exitosamente
2025-11-03 13:49:25,020 - __main__ - INFO - SDK de ZKTeco cargado correctamente con prototipos seguros
2025-11-03 13:49:25,027 - __main__ - INFO - Instancia de ZKTecoDevice creada correctamente
2025-11-03 13:49:40,170 - __main__ - INFO - Solicitud: Inicializar dispositivo
2025-11-03 13:49:40,170 - __main__ - INFO - Inicializando dispositivo...
2025-11-03 13:49:40,363 - __main__ - INFO - Código de retorno de Init: 0
2025-11-03 13:49:40,364 - __main__ - INFO - Dispositivos detectados: 1
2025-11-03 13:49:45,838 - __main__ - INFO - Solicitud: Abrir dispositivo (índice: 0)
2025-11-03 13:49:45,838 - __main__ - INFO - Intentando abrir dispositivo con índice 0...
2025-11-03 13:49:47,139 - __main__ - INFO - Handle obtenido: 2408642055776
2025-11-03 13:49:47,139 - __main__ - INFO - Dispositivo abierto correctamente
2025-11-03 13:49:47,140 - __main__ - INFO - Dimensiones de imagen: 284x363
2025-11-03 13:49:47,141 - __main__ - INFO - Loop de captura iniciado
2025-11-03 13:49:47,141 - __main__ - INFO - Captura iniciada
2025-11-03 13:49:47,142 - __main__ - INFO - Buffers creados: imagen=103092, template=2048
2025-11-03 13:49:58,543 - __main__ - INFO - Solicitud: Cambiar modo a 'registering'
2025-11-03 13:49:58,544 - __main__ - INFO - Modo cambiado a: registering
2025-11-03 13:49:59,426 - __main__ - INFO - ✅ Captura 1/3 completada - Tamaño: 750 bytes
2025-11-03 13:49:59,427 - __main__ - INFO - ⏳ Progreso: 1/3 capturas
2025-11-03 13:50:01,140 - __main__ - INFO - ✅ Captura 2/3 completada - Tamaño: 744 bytes
2025-11-03 13:50:01,140 - __main__ - INFO - ⏳ Progreso: 2/3 capturas
2025-11-03 13:50:02,496 - __main__ - INFO - ✅ Captura 3/3 completada - Tamaño: 830 bytes
2025-11-03 13:50:02,497 - __main__ - INFO - 🎯 3 CAPTURAS COMPLETADAS - Preparando generación de plantilla final...
2025-11-03 13:50:02,498 - __main__ - INFO - ⏳ Pausa de 2 segundos para estabilizar dispositivo...
2025-11-03 13:50:04,499 - __main__ - INFO - ✅ Plantillas validadas - tamaños: [750, 744, 830]
2025-11-03 13:50:04,500 - __main__ - INFO - 🔄 Intento 1 de 3 - Estrategia: normal
2025-11-03 13:50:04,501 - __main__ - INFO - 🔧 Creando buffers para plantillas...
2025-11-03 13:50:04,504 - __main__ - INFO - 🎯 Llamando ZKFPM_GenRegTemplate...
2025-11-03 13:50:04,505 - __main__ - INFO - 📊 Resultado de GenRegTemplate: -7 (Handle inválido)
2025-11-03 13:50:04,505 - __main__ - ERROR - ❌ Error al generar plantilla (intento 1): Handle inválido
2025-11-03 13:50:04,506 - __main__ - WARNING - 🔧 Error de handle inválido - intentando recuperación...
2025-11-03 13:50:04,507 - __main__ - WARNING - 🔄 Intentando reconexión automática del dispositivo...
2025-11-03 13:50:09,533 - __main__ - WARNING - ⚠️ El hilo de captura no terminó en el tiempo esperado, continuando...
2025-11-03 13:50:09,533 - __main__ - INFO - 🔒 Cerrando dispositivo...
2025-11-03 13:50:09,536 - __main__ - INFO - ✅ Dispositivo cerrado correctamente
2025-11-03 13:50:09,537 - __main__ - INFO - 🔒 Terminando SDK...
2025-11-03 13:50:09,538 - __main__ - INFO - ✅ SDK terminado correctamente
2025-11-03 13:50:09,540 - __main__ - INFO - ⏳ Esperando 3 segundos para reset del dispositivo...
2025-11-03 13:50:12,542 - __main__ - INFO - 🔄 Reinicializando SDK...
2025-11-03 14:02:25,248 - __main__ - INFO - === ZKTeco USB Bridge Service Iniciado ===
2025-11-03 14:02:25,248 - __main__ - INFO - Ejecutando en modo 64-bit
2025-11-03 14:02:25,269 - __main__ - INFO - DLL cargada exitosamente
2025-11-03 14:02:25,269 - __main__ - INFO - SDK de ZKTeco cargado correctamente con prototipos seguros
2025-11-03 14:02:25,272 - __main__ - INFO - Instancia de ZKTecoDevice creada correctamente
2025-11-03 14:02:44,459 - __main__ - INFO - Solicitud: Inicializar dispositivo
2025-11-03 14:02:44,459 - __main__ - INFO - Inicializando dispositivo...
2025-11-03 14:02:44,508 - __main__ - INFO - Código de retorno de Init: 0
2025-11-03 14:02:44,508 - __main__ - INFO - Dispositivos detectados: 1
2025-11-03 14:02:46,505 - __main__ - INFO - Solicitud: Abrir dispositivo (índice: 0)
2025-11-03 14:02:46,506 - __main__ - INFO - Intentando abrir dispositivo con índice 0...
2025-11-03 14:02:47,807 - __main__ - INFO - Handle obtenido: 1520671657568
2025-11-03 14:02:47,807 - __main__ - INFO - Dispositivo abierto correctamente
2025-11-03 14:02:47,808 - __main__ - INFO - Dimensiones de imagen: 284x363
2025-11-03 14:02:47,809 - __main__ - INFO - Loop de captura iniciado
2025-11-03 14:02:47,809 - __main__ - INFO - Captura iniciada
2025-11-03 14:02:47,810 - __main__ - INFO - Buffers creados: imagen=103092, template=2048
2025-11-03 14:03:03,710 - __main__ - INFO - Solicitud: Cambiar modo a 'registering'
2025-11-03 14:03:03,711 - __main__ - INFO - Modo cambiado a: registering
2025-11-03 14:03:04,570 - __main__ - INFO - ✅ Captura 1/3 completada - Tamaño: 724 bytes
2025-11-03 14:03:04,570 - __main__ - INFO - ⏳ Progreso: 1/3 capturas
2025-11-03 14:03:06,128 - __main__ - INFO - ✅ Captura 2/3 completada - Tamaño: 836 bytes
2025-11-03 14:03:06,129 - __main__ - INFO - ⏳ Progreso: 2/3 capturas
2025-11-03 14:03:07,531 - __main__ - INFO - ✅ Captura 3/3 completada - Tamaño: 896 bytes
2025-11-03 14:03:07,532 - __main__ - INFO - 🎯 3 CAPTURAS COMPLETADAS - Preparando generación de plantilla final...
2025-11-03 14:03:07,533 - __main__ - INFO - ⏳ Pausa de 2 segundos para estabilizar dispositivo...
2025-11-03 14:03:09,534 - __main__ - INFO - ✅ Plantillas validadas - tamaños: [724, 836, 896]
2025-11-03 14:03:09,535 - __main__ - INFO - 🔄 Intento 1 de 3 - Estrategia: normal
2025-11-03 14:03:09,536 - __main__ - INFO - 🔧 Creando buffers para plantillas...
2025-11-03 14:03:09,538 - __main__ - INFO - 🎯 Llamando ZKFPM_GenRegTemplate...
2025-11-03 14:03:09,539 - __main__ - INFO - 📊 Resultado de GenRegTemplate: -7 (Handle inválido)
2025-11-03 14:03:09,540 - __main__ - ERROR - ❌ Error al generar plantilla (intento 1): Handle inválido
2025-11-03 14:03:09,540 - __main__ - WARNING - 🔧 Error de handle inválido - intentando recuperación...
2025-11-03 14:03:09,541 - __main__ - WARNING - 🔄 Intentando reconexión automática del dispositivo...
2025-11-03 14:03:09,542 - __main__ - WARNING - 🔧 _reconnect_device llamado por el hilo de captura (auto-reparación).
2025-11-03 14:03:09,543 - __main__ - WARNING - 🔧 Omitiendo espera de thread (auto-llamada).
2025-11-03 14:03:09,543 - __main__ - INFO - 🔒 Cerrando dispositivo...
2025-11-03 14:03:09,545 - __main__ - INFO - ✅ Dispositivo cerrado correctamente
2025-11-03 14:03:09,546 - __main__ - INFO - 🔒 Terminando SDK...
2025-11-03 14:03:09,546 - __main__ - INFO - ✅ SDK terminado correctamente
2025-11-03 14:03:09,547 - __main__ - INFO - ⏳ Esperando 3 segundos para reset del dispositivo...
2025-11-03 14:03:12,549 - __main__ - INFO - 🔄 Reinicializando SDK...
2025-11-03 14:12:51,248 - __main__ - INFO - === ZKTeco USB Bridge Service Iniciado ===
2025-11-03 14:12:51,248 - __main__ - INFO - Ejecutando en modo 64-bit
2025-11-03 14:12:51,271 - __main__ - INFO - DLL cargada exitosamente
2025-11-03 14:12:51,272 - __main__ - INFO - SDK de ZKTeco cargado correctamente con prototipos seguros
2025-11-03 14:12:51,275 - __main__ - INFO - Instancia de ZKTecoDevice creada correctamente
2025-11-03 14:13:05,046 - __main__ - INFO - Solicitud: Inicializar dispositivo
2025-11-03 14:13:05,047 - __main__ - INFO - Inicializando dispositivo...
2025-11-03 14:13:05,095 - __main__ - INFO - Código de retorno de Init: 0
2025-11-03 14:13:05,095 - __main__ - INFO - Dispositivos detectados: 1
2025-11-03 14:13:08,088 - __main__ - INFO - Solicitud: Abrir dispositivo (índice: 0)
2025-11-03 14:13:08,089 - __main__ - INFO - Intentando abrir dispositivo con índice 0...
2025-11-03 14:13:09,390 - __main__ - INFO - Handle obtenido: 2838941667632
2025-11-03 14:13:09,391 - __main__ - INFO - Dispositivo abierto correctamente
2025-11-03 14:13:09,393 - __main__ - INFO - Dimensiones de imagen: 284x363
2025-11-03 14:13:09,395 - __main__ - INFO - Loop de captura iniciado
2025-11-03 14:13:09,395 - __main__ - INFO - Captura iniciada
2025-11-03 14:13:09,396 - __main__ - INFO - Buffers creados: imagen=103092, template=2048
2025-11-03 14:13:26,452 - __main__ - INFO - Solicitud: Cambiar modo a 'registering'
2025-11-03 14:13:26,453 - __main__ - INFO - Modo cambiado a: registering
2025-11-03 14:13:28,359 - __main__ - INFO - ✅ Captura 1/3 completada - Tamaño: 832 bytes
2025-11-03 14:13:28,361 - __main__ - INFO - ⏳ Progreso: 1/3 capturas
2025-11-03 14:13:29,753 - __main__ - INFO - ✅ Captura 2/3 completada - Tamaño: 944 bytes
2025-11-03 14:13:29,753 - __main__ - INFO - ⏳ Progreso: 2/3 capturas
2025-11-03 14:13:31,440 - __main__ - INFO - ✅ Captura 3/3 completada - Tamaño: 848 bytes
2025-11-03 14:13:31,440 - __main__ - INFO - 🎯 3 CAPTURAS COMPLETADAS - Preparando generación de plantilla final...
2025-11-03 14:13:31,441 - __main__ - INFO - ⏳ Pausa de 2 segundos para estabilizar dispositivo...
2025-11-03 14:13:33,442 - __main__ - INFO - ✅ Plantillas validadas - tamaños: [832, 944, 848]
2025-11-03 14:13:33,443 - __main__ - INFO - 🔄 Intento 1 de 3 - Estrategia: normal
2025-11-03 14:13:33,444 - __main__ - INFO - 🔧 Creando buffers para plantillas...
2025-11-03 14:13:33,446 - __main__ - INFO - 🎯 Llamando ZKFPM_GenRegTemplate...
2025-11-03 14:13:33,447 - __main__ - INFO - 📊 Resultado de GenRegTemplate: -7 (Handle inválido)
2025-11-03 14:13:33,448 - __main__ - ERROR - ❌ Error al generar plantilla (intento 1): Handle inválido
2025-11-03 14:13:33,448 - __main__ - WARNING - 🔧 Error de handle inválido - intentando recuperación...
2025-11-03 14:13:33,449 - __main__ - WARNING - 🔄 Intentando reconexión automática del dispositivo...
2025-11-03 14:13:33,450 - __main__ - WARNING - 🔧 _reconnect_device llamado por el hilo de captura (auto-reparación).
2025-11-03 14:13:33,450 - __main__ - WARNING - 🔧 Omitiendo espera de thread (auto-llamada).
2025-11-03 14:13:33,451 - __main__ - INFO - 🔒 Cerrando dispositivo...
2025-11-03 14:13:33,452 - __main__ - INFO - ✅ Dispositivo cerrado correctamente
2025-11-03 14:13:33,453 - __main__ - INFO - 🔒 Terminando SDK...
2025-11-03 14:13:33,453 - __main__ - INFO - ✅ SDK terminado correctamente
2025-11-03 14:13:33,454 - __main__ - INFO - ⏳ Esperando 3 segundos para reset del dispositivo...
2025-11-03 14:13:36,456 - __main__ - INFO - 🔄 Reinicializando SDK...
2025-11-03 14:44:14,621 - __main__ - INFO - === ZKTeco USB Bridge Service Iniciado ===
2025-11-03 14:44:14,622 - __main__ - INFO - Ejecutando en modo 64-bit
2025-11-03 14:44:14,645 - __main__ - INFO - DLL cargada exitosamente
2025-11-03 14:44:14,646 - __main__ - INFO - SDK de ZKTeco cargado correctamente con prototipos seguros
2025-11-03 14:44:14,649 - __main__ - INFO - Instancia de ZKTecoDevice creada correctamente
2025-11-03 14:44:27,014 - __main__ - INFO - Solicitud: Inicializar dispositivo
2025-11-03 14:44:27,015 - __main__ - INFO - Inicializando dispositivo...
2025-11-03 14:44:27,063 - __main__ - INFO - Código de retorno de Init: 0
2025-11-03 14:44:27,063 - __main__ - INFO - Dispositivos detectados: 1
2025-11-03 14:44:32,510 - __main__ - INFO - Solicitud: Abrir dispositivo (índice: 0)
2025-11-03 14:44:32,510 - __main__ - INFO - Intentando abrir dispositivo con índice 0...
2025-11-03 14:44:33,807 - __main__ - INFO - Handle obtenido: 1822384066864
2025-11-03 14:44:33,808 - __main__ - INFO - Dispositivo abierto correctamente
2025-11-03 14:44:33,811 - __main__ - INFO - Dimensiones de imagen: 284x363
2025-11-03 14:44:33,814 - __main__ - INFO - Loop de captura iniciado
2025-11-03 14:44:33,815 - __main__ - INFO - Captura iniciada
2025-11-03 14:44:33,816 - __main__ - INFO - Buffers creados: imagen=103092, template=2048
2025-11-03 14:45:00,612 - __main__ - INFO - Solicitud: Cambiar modo a 'registering'
2025-11-03 14:45:00,613 - __main__ - INFO - Modo cambiado a: registering
2025-11-03 14:45:01,732 - __main__ - INFO - ✅ Captura 1/3 completada - Tamaño: 1256 bytes
2025-11-03 14:45:01,733 - __main__ - INFO - ⏳ Progreso: 1/3 capturas
2025-11-03 14:45:02,533 - __main__ - INFO - ✅ Captura 2/3 completada - Tamaño: 1056 bytes
2025-11-03 14:45:02,534 - __main__ - INFO - ⏳ Progreso: 2/3 capturas
2025-11-03 14:45:03,411 - __main__ - INFO - ✅ Captura 3/3 completada - Tamaño: 870 bytes
2025-11-03 14:45:03,412 - __main__ - INFO - 🎯 3 CAPTURAS COMPLETADAS - Preparando generación de plantilla final...
2025-11-03 14:45:03,414 - __main__ - INFO - ⏳ Pausa de 2 segundos para estabilizar dispositivo...
2025-11-03 14:45:05,416 - __main__ - INFO - ✅ Plantillas validadas - tamaños: [1256, 1056, 870]
2025-11-03 14:45:05,417 - __main__ - INFO - 🔄 Intento 1 de 3 - Estrategia: normal
2025-11-03 14:45:05,421 - __main__ - INFO - 🔧 Creando buffers para plantillas...
2025-11-03 14:45:05,425 - __main__ - INFO - 🎯 Llamando ZKFPM_GenRegTemplate...
2025-11-03 14:45:05,426 - __main__ - INFO - 📊 Resultado de GenRegTemplate: -7 (Handle inválido)
2025-11-03 14:45:05,427 - __main__ - ERROR - ❌ Error al generar plantilla (intento 1): Handle inválido
2025-11-03 14:45:05,428 - __main__ - WARNING - 🔧 Error de handle inválido - intentando recuperación...
2025-11-03 14:45:05,429 - __main__ - WARNING - 🔄 Intentando reconexión automática del dispositivo...
2025-11-03 14:45:05,430 - __main__ - WARNING - 🔧 _reconnect_device llamado por el hilo de captura (auto-reparación).
2025-11-03 14:45:05,431 - __main__ - WARNING - 🔧 Omitiendo espera de thread (auto-llamada).
2025-11-03 14:45:05,433 - __main__ - INFO - 🔒 Cerrando dispositivo...
2025-11-03 14:45:05,434 - __main__ - INFO - ✅ Dispositivo cerrado correctamente
2025-11-03 14:45:05,438 - __main__ - INFO - 🔒 Terminando SDK...
2025-11-03 14:45:05,440 - __main__ - INFO - ✅ SDK terminado correctamente
2025-11-03 14:45:05,442 - __main__ - INFO - ⏳ Esperando 3 segundos para reset del dispositivo...
2025-11-03 14:45:08,444 - __main__ - INFO - 🔄 Reinicializando SDK...
2025-11-03 14:45:23,203 - __main__ - INFO - Solicitud: Inicializar dispositivo
2025-11-03 14:45:35,316 - __main__ - INFO - Solicitud: Inicializar dispositivo
2025-11-03 14:45:44,237 - __main__ - INFO - Solicitud: Inicializar dispositivo
2025-11-03 14:45:56,477 - __main__ - INFO - === ZKTeco USB Bridge Service Iniciado ===
2025-11-03 14:45:56,478 - __main__ - INFO - Ejecutando en modo 64-bit
2025-11-03 14:45:56,491 - __main__ - INFO - DLL cargada exitosamente
2025-11-03 14:45:56,492 - __main__ - INFO - SDK de ZKTeco cargado correctamente con prototipos seguros
2025-11-03 14:45:56,495 - __main__ - INFO - Instancia de ZKTecoDevice creada correctamente
2025-11-03 14:46:04,626 - __main__ - INFO - Solicitud: Inicializar dispositivo
2025-11-03 14:46:04,626 - __main__ - INFO - Inicializando dispositivo...
2025-11-03 14:46:04,644 - __main__ - INFO - Código de retorno de Init: 0
2025-11-03 14:46:04,646 - __main__ - INFO - Dispositivos detectados: 1
2025-11-03 14:46:06,661 - __main__ - INFO - Solicitud: Abrir dispositivo (índice: 0)
2025-11-03 14:46:06,661 - __main__ - INFO - Intentando abrir dispositivo con índice 0...
2025-11-03 14:46:07,961 - __main__ - INFO - Handle obtenido: 2446951452976
2025-11-03 14:46:07,962 - __main__ - INFO - Dispositivo abierto correctamente
2025-11-03 14:46:07,966 - __main__ - INFO - Dimensiones de imagen: 284x363
2025-11-03 14:46:07,969 - __main__ - INFO - Loop de captura iniciado
2025-11-03 14:46:07,969 - __main__ - INFO - Captura iniciada
2025-11-03 14:46:07,970 - __main__ - INFO - Buffers creados: imagen=103092, template=2048
2025-11-03 14:46:19,460 - __main__ - INFO - Solicitud: Cambiar modo a 'registering'
2025-11-03 14:46:19,461 - __main__ - INFO - Modo cambiado a: registering
2025-11-03 14:46:26,783 - __main__ - INFO - ✅ Captura 1/3 completada - Tamaño: 920 bytes
2025-11-03 14:46:26,783 - __main__ - INFO - ⏳ Progreso: 1/3 capturas
2025-11-03 14:46:33,906 - __main__ - INFO - ✅ Captura 2/3 completada - Tamaño: 908 bytes
2025-11-03 14:46:33,907 - __main__ - INFO - ⏳ Progreso: 2/3 capturas
2025-11-03 14:46:37,900 - __main__ - INFO - ✅ Captura 3/3 completada - Tamaño: 1108 bytes
2025-11-03 14:46:37,900 - __main__ - INFO - 🎯 3 CAPTURAS COMPLETADAS - Preparando generación de plantilla final...
2025-11-03 14:46:37,902 - __main__ - INFO - ⏳ Pausa de 2 segundos para estabilizar dispositivo...
2025-11-03 14:46:39,904 - __main__ - INFO - ✅ Plantillas validadas - tamaños: [920, 908, 1108]
2025-11-03 14:46:39,904 - __main__ - INFO - 🔄 Intento 1 de 3 - Estrategia: normal
2025-11-03 14:46:39,909 - __main__ - INFO - 🔧 Creando buffers para plantillas...
2025-11-03 14:46:39,911 - __main__ - INFO - 🎯 Llamando ZKFPM_GenRegTemplate...
2025-11-03 14:46:39,912 - __main__ - INFO - 📊 Resultado de GenRegTemplate: -7 (Handle inválido)
2025-11-03 14:46:39,913 - __main__ - ERROR - ❌ Error al generar plantilla (intento 1): Handle inválido
2025-11-03 14:46:39,913 - __main__ - WARNING - 🔧 Error de handle inválido - intentando recuperación...
2025-11-03 14:46:39,914 - __main__ - WARNING - 🔄 Intentando reconexión automática del dispositivo...
2025-11-03 14:46:39,915 - __main__ - WARNING - 🔧 _reconnect_device llamado por el hilo de captura (auto-reparación).
2025-11-03 14:46:39,915 - __main__ - WARNING - 🔧 Omitiendo espera de thread (auto-llamada).
2025-11-03 14:46:39,918 - __main__ - INFO - 🔒 Cerrando dispositivo...
2025-11-03 14:46:39,919 - __main__ - INFO - ✅ Dispositivo cerrado correctamente
2025-11-03 14:46:39,920 - __main__ - INFO - 🔒 Terminando SDK...
2025-11-03 14:46:39,921 - __main__ - INFO - ✅ SDK terminado correctamente
2025-11-03 14:46:39,922 - __main__ - INFO - ⏳ Esperando 3 segundos para reset del dispositivo...
2025-11-03 14:46:42,923 - __main__ - INFO - 🔄 Reinicializando SDK...
2025-11-03 15:06:22,860 - __main__ - INFO - === ZKTeco USB Bridge Service Iniciado ===
2025-11-03 15:06:22,862 - __main__ - INFO - Ejecutando en modo 64-bit
2025-11-03 15:06:22,934 - __main__ - INFO - DLL cargada exitosamente
2025-11-03 15:06:22,934 - __main__ - INFO - SDK de ZKTeco cargado correctamente con prototipos seguros
2025-11-03 15:06:22,942 - __main__ - INFO - Instancia de ZKTecoDevice creada correctamente
2025-11-03 15:06:38,350 - __main__ - INFO - Solicitud: Inicializar dispositivo
2025-11-03 15:06:38,350 - __main__ - INFO - Inicializando dispositivo...
2025-11-03 15:06:38,571 - __main__ - INFO - Código de retorno de Init: 0
2025-11-03 15:06:38,571 - __main__ - INFO - Dispositivos detectados: 1
2025-11-03 15:06:40,699 - __main__ - INFO - Solicitud: Abrir dispositivo (índice: 0)
2025-11-03 15:06:40,700 - __main__ - INFO - Intentando abrir dispositivo con índice 0...
2025-11-03 15:06:42,006 - __main__ - INFO - Handle obtenido: 2782499705136
2025-11-03 15:06:42,006 - __main__ - INFO - Dispositivo abierto correctamente
2025-11-03 15:06:42,008 - __main__ - INFO - Dimensiones de imagen: 284x363
2025-11-03 15:06:42,010 - __main__ - INFO - Loop de captura iniciado
2025-11-03 15:06:42,011 - __main__ - INFO - Captura iniciada
2025-11-03 15:06:42,011 - __main__ - INFO - Buffers creados: imagen=103092, template=2048
2025-11-03 15:06:48,259 - __main__ - INFO - Solicitud: Cambiar modo a 'registering'
2025-11-03 15:06:48,260 - __main__ - INFO - Modo cambiado a: registering
2025-11-03 15:06:49,011 - __main__ - INFO - ✅ Captura 1/3 completada - Tamaño: 636 bytes
2025-11-03 15:06:49,011 - __main__ - INFO - ⏳ Progreso: 1/3 capturas
2025-11-03 15:06:50,697 - __main__ - INFO - ✅ Captura 2/3 completada - Tamaño: 786 bytes
2025-11-03 15:06:50,698 - __main__ - INFO - ⏳ Progreso: 2/3 capturas
2025-11-03 15:06:52,244 - __main__ - INFO - ✅ Captura 3/3 completada - Tamaño: 786 bytes
2025-11-03 15:06:52,245 - __main__ - INFO - 🎯 3 CAPTURAS COMPLETADAS - Preparando generación de plantilla final...
2025-11-03 15:06:52,247 - __main__ - INFO - ⏳ Pausa de 2 segundos para estabilizar dispositivo...
2025-11-03 15:06:54,248 - __main__ - INFO - ✅ Plantillas validadas - tamaños: [636, 786, 786]
2025-11-03 15:06:54,249 - __main__ - INFO - 🔄 Intento 1 de 3 - Estrategia: normal
2025-11-03 15:06:54,251 - __main__ - INFO - 🔧 Creando buffers para plantillas...
2025-11-03 15:06:54,253 - __main__ - INFO - 🎯 Llamando ZKFPM_GenRegTemplate...
2025-11-03 15:06:54,254 - __main__ - INFO - 📊 Resultado de GenRegTemplate: -7 (Handle inválido)
2025-11-03 15:06:54,254 - __main__ - ERROR - ❌ Error al generar plantilla (intento 1): Handle inválido
2025-11-03 15:06:54,255 - __main__ - WARNING - 🔧 Error de handle inválido - intentando recuperación...
2025-11-03 15:06:54,256 - __main__ - WARNING - 🔄 Intentando reconexión automática del dispositivo...
2025-11-03 15:06:54,257 - __main__ - WARNING - 🔧 _reconnect_device llamado por el hilo de captura (auto-reparación).
2025-11-03 15:06:54,257 - __main__ - WARNING - 🔧 Omitiendo espera de thread (auto-llamada).
2025-11-03 15:06:54,258 - __main__ - INFO - 🔒 Cerrando dispositivo...
2025-11-03 15:06:54,259 - __main__ - INFO - ✅ Dispositivo cerrado correctamente
2025-11-03 15:06:54,260 - __main__ - INFO - 🔒 Terminando SDK...
2025-11-03 15:06:54,260 - __main__ - INFO - ✅ SDK terminado correctamente
2025-11-03 15:06:54,261 - __main__ - INFO - ⏳ Esperando 3 segundos para reset del dispositivo...
2025-11-03 15:06:57,263 - __main__ - INFO - 🔄 Reinicializando SDK...
2025-11-03 15:11:03,721 - __main__ - INFO - Solicitud: Inicializar dispositivo
2025-11-03 15:11:19,082 - __main__ - INFO - === ZKTeco USB Bridge Service Iniciado ===
2025-11-03 15:11:19,083 - __main__ - INFO - Ejecutando en modo 64-bit
2025-11-03 15:11:19,103 - __main__ - INFO - DLL cargada exitosamente
2025-11-03 15:11:19,104 - __main__ - INFO - SDK de ZKTeco cargado correctamente con prototipos seguros
2025-11-03 15:11:19,106 - __main__ - INFO - Instancia de ZKTecoDevice creada correctamente
2025-11-03 15:11:29,355 - __main__ - INFO - Solicitud: Inicializar dispositivo
2025-11-03 15:11:29,355 - __main__ - INFO - Inicializando dispositivo...
2025-11-03 15:11:29,404 - __main__ - INFO - Código de retorno de Init: 0
2025-11-03 15:11:29,405 - __main__ - INFO - Dispositivos detectados: 1
2025-11-03 15:11:31,619 - __main__ - INFO - Solicitud: Abrir dispositivo (índice: 0)
2025-11-03 15:11:31,619 - __main__ - INFO - Intentando abrir dispositivo con índice 0...
2025-11-03 15:11:32,926 - __main__ - INFO - Handle obtenido: 2771344625968
2025-11-03 15:11:32,926 - __main__ - INFO - Dispositivo abierto correctamente
2025-11-03 15:11:32,930 - __main__ - INFO - Dimensiones de imagen: 284x363
2025-11-03 15:11:32,933 - __main__ - INFO - Loop de captura iniciado
2025-11-03 15:11:32,933 - __main__ - INFO - Captura iniciada
2025-11-03 15:11:32,934 - __main__ - INFO - Buffers creados: imagen=103092, template=2048
2025-11-03 15:11:53,275 - __main__ - INFO - Solicitud: Cambiar modo a 'registering'
2025-11-03 15:11:53,276 - __main__ - INFO - Modo cambiado a: registering
2025-11-03 15:11:54,353 - __main__ - INFO - ✅ Captura 1/3 completada - Tamaño: 784 bytes
2025-11-03 15:11:54,354 - __main__ - INFO - ⏳ Progreso: 1/3 capturas
2025-11-03 15:11:56,623 - __main__ - INFO - ✅ Captura 2/3 completada - Tamaño: 838 bytes
2025-11-03 15:11:56,623 - __main__ - INFO - ⏳ Progreso: 2/3 capturas
2025-11-03 15:11:59,013 - __main__ - INFO - ✅ Captura 3/3 completada - Tamaño: 776 bytes
2025-11-03 15:11:59,013 - __main__ - INFO - 🎯 3 CAPTURAS COMPLETADAS - Preparando generación de plantilla final...
2025-11-03 15:11:59,015 - __main__ - INFO - ⏳ Pausa de 2 segundos para estabilizar dispositivo...
2025-11-03 15:12:01,018 - __main__ - INFO - ✅ Plantillas validadas - tamaños: [784, 838, 776]
2025-11-03 15:12:01,019 - __main__ - INFO - 🔄 Intento 1 de 3 - Estrategia: normal
2025-11-03 15:12:01,021 - __main__ - INFO - 🔧 Creando buffers para plantillas...
2025-11-03 15:12:01,024 - __main__ - INFO - 🎯 Llamando ZKFPM_GenRegTemplate...
2025-11-03 15:12:01,025 - __main__ - INFO - 📊 Resultado de GenRegTemplate: -7 (Handle inválido)
2025-11-03 15:12:01,027 - __main__ - ERROR - ❌ Error al generar plantilla (intento 1): Handle inválido
2025-11-03 15:12:01,027 - __main__ - WARNING - 🔧 Error de handle inválido - intentando recuperación...
2025-11-03 15:12:01,028 - __main__ - WARNING - 🔄 Intentando reconexión automática del dispositivo...
2025-11-03 15:12:01,029 - __main__ - WARNING - 🔧 _reconnect_device llamado por el hilo de captura (auto-reparación).
2025-11-03 15:12:01,030 - __main__ - WARNING - 🔧 Omitiendo espera de thread (auto-llamada).
2025-11-03 15:12:01,031 - __main__ - INFO - 🔒 Cerrando dispositivo...
2025-11-03 15:12:01,032 - __main__ - INFO - ✅ Dispositivo cerrado correctamente
2025-11-03 15:12:01,035 - __main__ - INFO - 🔒 Terminando SDK...
2025-11-03 15:12:01,035 - __main__ - INFO - ✅ SDK terminado correctamente
2025-11-03 15:12:01,037 - __main__ - INFO - ⏳ Esperando 3 segundos para reset del dispositivo...
2025-11-03 15:12:04,039 - __main__ - INFO - 🔄 Reinicializando SDK...
2025-11-03 15:18:05,194 - __main__ - INFO - === ZKTeco USB Bridge Service Iniciado ===
2025-11-03 15:18:05,195 - __main__ - INFO - Ejecutando en modo 64-bit
2025-11-03 15:18:05,220 - __main__ - INFO - DLL cargada exitosamente
2025-11-03 15:18:05,221 - __main__ - INFO - SDK de ZKTeco cargado correctamente con prototipos seguros
2025-11-03 15:18:05,225 - __main__ - INFO - Instancia de ZKTecoDevice creada correctamente
2025-11-03 15:18:14,021 - __main__ - INFO - Solicitud: Inicializar dispositivo
2025-11-03 15:18:14,022 - __main__ - INFO - Inicializando dispositivo...
2025-11-03 15:18:14,069 - __main__ - INFO - Código de retorno de Init: 0
2025-11-03 15:18:14,069 - __main__ - INFO - Dispositivos detectados: 1
2025-11-03 15:18:16,529 - __main__ - INFO - Solicitud: Abrir dispositivo (índice: 0)
2025-11-03 15:18:16,530 - __main__ - INFO - Intentando abrir dispositivo con índice 0...
2025-11-03 15:18:17,831 - __main__ - INFO - Handle obtenido: 2341533389104
2025-11-03 15:18:17,832 - __main__ - INFO - Dispositivo abierto correctamente
2025-11-03 15:18:17,833 - __main__ - INFO - Dimensiones de imagen: 284x363
2025-11-03 15:18:17,834 - __main__ - INFO - Loop de captura iniciado
2025-11-03 15:18:17,835 - __main__ - INFO - Captura iniciada
2025-11-03 15:18:17,836 - __main__ - INFO - Buffers creados: imagen=103092, template=2048
2025-11-03 15:18:25,663 - __main__ - INFO - Solicitud: Cambiar modo a 'registering'
2025-11-03 15:18:25,664 - __main__ - INFO - Modo cambiado a: registering
2025-11-03 15:18:26,762 - __main__ - INFO - ✅ Captura 1/3 completada - Tamaño: 938 bytes
2025-11-03 15:18:26,762 - __main__ - INFO - ⏳ Progreso: 1/3 capturas
2025-11-03 15:18:28,433 - __main__ - INFO - ✅ Captura 2/3 completada - Tamaño: 814 bytes
2025-11-03 15:18:28,434 - __main__ - INFO - ⏳ Progreso: 2/3 capturas
2025-11-03 15:18:30,449 - __main__ - INFO - ✅ Captura 3/3 completada - Tamaño: 824 bytes
2025-11-03 15:18:30,449 - __main__ - INFO - 🎯 3 CAPTURAS COMPLETADAS - Preparando generación de plantilla final...
2025-11-03 15:18:30,450 - __main__ - INFO - ⏳ Pausa de 2 segundos para estabilizar dispositivo...
2025-11-03 15:18:32,451 - __main__ - INFO - ✅ Plantillas validadas - tamaños: [938, 814, 824]
2025-11-03 15:18:32,451 - __main__ - INFO - 🔄 Intento 1 de 3 - Estrategia: normal
2025-11-03 15:18:32,452 - __main__ - INFO - 🔧 Creando buffers para plantillas...
2025-11-03 15:18:32,454 - __main__ - INFO - 🎯 Llamando ZKFPM_GenRegTemplate...
2025-11-03 15:18:32,454 - __main__ - INFO - 📊 Resultado de GenRegTemplate: -7 (Handle inválido)
2025-11-03 15:18:32,455 - __main__ - ERROR - ❌ Error al generar plantilla (intento 1): Handle inválido
2025-11-03 15:18:32,455 - __main__ - WARNING - 🔧 Error de handle inválido - intentando recuperación...
2025-11-03 15:18:32,456 - __main__ - WARNING - 🔄 Intentando reconexión automática del dispositivo...
2025-11-03 15:18:32,456 - __main__ - WARNING - 🔧 _reconnect_device llamado por el hilo de captura (auto-reparación).
2025-11-03 15:18:32,458 - __main__ - WARNING - 🔧 Omitiendo espera de thread (auto-llamada).
2025-11-03 15:18:32,459 - __main__ - INFO - 🔒 Cerrando dispositivo...
2025-11-03 15:18:32,461 - __main__ - INFO - ✅ Dispositivo cerrado correctamente
2025-11-03 15:18:32,461 - __main__ - INFO - 🔒 Terminando SDK...
2025-11-03 15:18:32,462 - __main__ - INFO - ✅ SDK terminado correctamente
2025-11-03 15:18:32,462 - __main__ - INFO - ⏳ Esperando 3 segundos para reset del dispositivo...
2025-11-03 15:18:35,464 - __main__ - INFO - 🔄 Reinicializando SDK...
2025-11-03 15:42:22,712 - __main__ - INFO - === ZKTeco USB Bridge Service Iniciado ===
2025-11-03 15:42:22,713 - __main__ - INFO - Ejecutando en modo 64-bit
2025-11-03 15:42:22,779 - __main__ - INFO - DLL cargada exitosamente
2025-11-03 15:42:22,780 - __main__ - INFO - SDK de ZKTeco cargado correctamente con prototipos seguros
2025-11-03 15:42:22,790 - __main__ - INFO - Instancia de ZKTecoDevice creada correctamente
2025-11-03 15:42:35,517 - __main__ - INFO - Solicitud: Inicializar dispositivo
2025-11-03 15:42:35,518 - __main__ - INFO - Inicializando dispositivo...
2025-11-03 15:42:35,877 - __main__ - INFO - Código de retorno de Init: 0
2025-11-03 15:42:35,878 - __main__ - INFO - Dispositivos detectados: 1
2025-11-03 15:42:38,292 - __main__ - INFO - Solicitud: Abrir dispositivo (índice: 0)
2025-11-03 15:42:38,293 - __main__ - INFO - Intentando abrir dispositivo con índice 0...
2025-11-03 15:42:39,604 - __main__ - INFO - Handle obtenido: 2052759949616
2025-11-03 15:42:39,818 - __main__ - INFO - Dispositivo abierto correctamente
2025-11-03 15:42:39,824 - __main__ - INFO - Dimensiones de imagen: 284x363
2025-11-03 15:42:39,826 - __main__ - INFO - Loop de captura iniciado
2025-11-03 15:42:39,827 - __main__ - INFO - Captura iniciada
2025-11-03 15:42:39,831 - __main__ - INFO - Buffers creados: imagen=103092, template=2048
2025-11-03 15:42:50,813 - __main__ - INFO - Solicitud: Cambiar modo a 'registering'
2025-11-03 15:42:50,814 - __main__ - INFO - Modo cambiado a: registering
2025-11-03 15:42:51,643 - __main__ - INFO - ✅ Captura 1/3 completada - Tamaño: 834 bytes
2025-11-03 15:42:51,644 - __main__ - INFO - ⏳ Progreso: 1/3 capturas
2025-11-03 15:42:51,644 - __main__ - INFO - Captura 1/3. Cambiando a estado 'WAIT_FOR_LIFT'
2025-11-03 15:42:51,789 - __main__ - INFO - Dedo levantado. Cambiando a estado 'CAPTURE'
2025-11-03 15:42:53,385 - __main__ - INFO - ✅ Captura 2/3 completada - Tamaño: 856 bytes
2025-11-03 15:42:53,385 - __main__ - INFO - ⏳ Progreso: 2/3 capturas
2025-11-03 15:42:53,385 - __main__ - INFO - Captura 2/3. Cambiando a estado 'WAIT_FOR_LIFT'
2025-11-03 15:42:53,529 - __main__ - INFO - Dedo levantado. Cambiando a estado 'CAPTURE'
2025-11-03 15:42:54,856 - __main__ - INFO - ✅ Captura 3/3 completada - Tamaño: 740 bytes
2025-11-03 15:42:54,857 - __main__ - INFO - 🎯 3 CAPTURAS COMPLETADAS - Preparando generación de plantilla final...
2025-11-03 15:42:54,858 - __main__ - INFO - ⏳ Pausa de 2 segundos para estabilizar dispositivo...
2025-11-03 15:42:56,860 - __main__ - INFO - ✅ Plantillas validadas - tamaños: [834, 856, 740]
2025-11-03 15:42:56,861 - __main__ - INFO - 🔄 Intento 1 de 3 - Estrategia: normal
2025-11-03 15:42:56,861 - __main__ - INFO - 🔧 Creando buffers para plantillas...
2025-11-03 15:42:56,867 - __main__ - INFO - 🎯 Llamando ZKFPM_GenRegTemplate...
2025-11-03 15:42:56,868 - __main__ - INFO - 📊 Resultado de GenRegTemplate: -7 (Handle inválido)
2025-11-03 15:42:56,869 - __main__ - ERROR - ❌ Error al generar plantilla (intento 1): Handle inválido
2025-11-03 15:42:56,870 - __main__ - WARNING - 🔧 Error de handle inválido - intentando recuperación...
2025-11-03 15:42:56,871 - __main__ - WARNING - 🔄 Intentando reconexión automática del dispositivo...
2025-11-03 15:42:56,872 - __main__ - WARNING - 🔧 _reconnect_device llamado por el hilo de captura (auto-reparación).
2025-11-03 15:42:56,872 - __main__ - WARNING - 🔧 Omitiendo espera de thread (auto-llamada).
2025-11-03 15:42:56,873 - __main__ - INFO - 🔒 Cerrando dispositivo...
2025-11-03 15:42:56,875 - __main__ - INFO - ✅ Dispositivo cerrado correctamente
2025-11-03 15:42:56,876 - __main__ - INFO - 🔒 Terminando SDK...
2025-11-03 15:42:56,878 - __main__ - INFO - ✅ SDK terminado correctamente
2025-11-03 15:42:56,878 - __main__ - INFO - ⏳ Esperando 3 segundos para reset del dispositivo...
2025-11-03 15:42:59,880 - __main__ - INFO - 🔄 Reinicializando SDK...
2025-11-03 15:44:10,160 - __main__ - INFO - === ZKTeco USB Bridge Service Iniciado ===
2025-11-03 15:44:10,161 - __main__ - INFO - Ejecutando en modo 64-bit
2025-11-03 15:44:10,188 - __main__ - INFO - DLL cargada exitosamente
2025-11-03 15:44:10,189 - __main__ - INFO - SDK de ZKTeco cargado correctamente con prototipos seguros
2025-11-03 15:44:10,192 - __main__ - INFO - Instancia de ZKTecoDevice creada correctamente
2025-11-03 15:44:19,362 - __main__ - INFO - Solicitud: Inicializar dispositivo
2025-11-03 15:44:19,362 - __main__ - INFO - Inicializando dispositivo...
2025-11-03 15:44:19,381 - __main__ - INFO - Código de retorno de Init: 0
2025-11-03 15:44:19,381 - __main__ - INFO - Dispositivos detectados: 1
2025-11-03 15:44:21,486 - __main__ - INFO - Solicitud: Abrir dispositivo (índice: 0)
2025-11-03 15:44:21,486 - __main__ - INFO - Intentando abrir dispositivo con índice 0...
2025-11-03 15:44:22,788 - __main__ - INFO - Handle obtenido: 2495200366896
2025-11-03 15:44:22,789 - __main__ - INFO - Dispositivo abierto correctamente
2025-11-03 15:44:22,791 - __main__ - INFO - Dimensiones de imagen: 284x363
2025-11-03 15:44:22,794 - __main__ - INFO - Loop de captura iniciado
2025-11-03 15:44:22,794 - __main__ - INFO - Captura iniciada
2025-11-03 15:44:22,796 - __main__ - INFO - Buffers creados: imagen=103092, template=2048
2025-11-03 15:44:30,469 - __main__ - INFO - Solicitud: Cambiar modo a 'registering'
2025-11-03 15:44:30,470 - __main__ - INFO - Modo cambiado a: registering
2025-11-03 15:44:38,315 - __main__ - INFO - ✅ Captura 1/3 completada - Tamaño: 872 bytes
2025-11-03 15:44:38,318 - __main__ - INFO - ⏳ Progreso: 1/3 capturas
2025-11-03 15:44:38,318 - __main__ - INFO - Captura 1/3. Cambiando a estado 'WAIT_FOR_LIFT'
2025-11-03 15:44:38,464 - __main__ - INFO - Dedo levantado. Cambiando a estado 'CAPTURE'
2025-11-03 15:44:43,731 - __main__ - INFO - ✅ Captura 2/3 completada - Tamaño: 720 bytes
2025-11-03 15:44:43,731 - __main__ - INFO - ⏳ Progreso: 2/3 capturas
2025-11-03 15:44:43,733 - __main__ - INFO - Captura 2/3. Cambiando a estado 'WAIT_FOR_LIFT'
2025-11-03 15:44:43,879 - __main__ - INFO - Dedo levantado. Cambiando a estado 'CAPTURE'
2025-11-03 15:44:48,368 - __main__ - INFO - ✅ Captura 3/3 completada - Tamaño: 862 bytes
2025-11-03 15:44:48,369 - __main__ - INFO - 🎯 3 CAPTURAS COMPLETADAS - Preparando generación de plantilla final...
2025-11-03 15:44:48,371 - __main__ - INFO - ⏳ Pausa de 2 segundos para estabilizar dispositivo...
2025-11-03 15:44:50,372 - __main__ - INFO - ✅ Plantillas validadas - tamaños: [872, 720, 862]
2025-11-03 15:44:50,372 - __main__ - INFO - 🔄 Intento 1 de 3 - Estrategia: normal
2025-11-03 15:44:50,374 - __main__ - INFO - 🔧 Creando buffers para plantillas...
2025-11-03 15:44:50,378 - __main__ - INFO - 🎯 Llamando ZKFPM_GenRegTemplate...
2025-11-03 15:44:50,381 - __main__ - INFO - 📊 Resultado de GenRegTemplate: -7 (Handle inválido)
2025-11-03 15:44:50,381 - __main__ - ERROR - ❌ Error al generar plantilla (intento 1): Handle inválido
2025-11-03 15:44:50,382 - __main__ - WARNING - 🔧 Error de handle inválido - intentando recuperación...
2025-11-03 15:44:50,383 - __main__ - WARNING - 🔄 Intentando reconexión automática del dispositivo...
2025-11-03 15:44:50,383 - __main__ - WARNING - 🔧 _reconnect_device llamado por el hilo de captura (auto-reparación).
2025-11-03 15:44:50,384 - __main__ - WARNING - 🔧 Omitiendo espera de thread (auto-llamada).
2025-11-03 15:44:50,385 - __main__ - INFO - 🔒 Cerrando dispositivo...
2025-11-03 15:44:50,386 - __main__ - INFO - ✅ Dispositivo cerrado correctamente
2025-11-03 15:44:50,387 - __main__ - INFO - 🔒 Terminando SDK...
2025-11-03 15:44:50,387 - __main__ - INFO - ✅ SDK terminado correctamente
2025-11-03 15:44:50,388 - __main__ - INFO - ⏳ Esperando 3 segundos para reset del dispositivo...
2025-11-03 15:44:53,389 - __main__ - INFO - 🔄 Reinicializando SDK...
2025-11-03 16:04:51,114 - __main__ - INFO - === ZKTeco USB Bridge Service Iniciado ===
2025-11-03 16:04:51,117 - __main__ - INFO - Ejecutando en modo 64-bit
2025-11-03 16:04:51,176 - __main__ - INFO - DLL cargada exitosamente
2025-11-03 16:04:51,177 - __main__ - INFO - SDK de ZKTeco cargado correctamente con prototipos seguros
2025-11-03 16:04:51,185 - __main__ - INFO - Instancia de ZKTecoDevice creada correctamente
2025-11-03 16:05:17,104 - __main__ - INFO - Solicitud: Inicializar dispositivo
2025-11-03 16:05:17,105 - __main__ - INFO - Inicializando dispositivo...
2025-11-03 16:05:17,297 - __main__ - INFO - Código de retorno de Init: 0
2025-11-03 16:05:17,298 - __main__ - INFO - ✅ Cache de algoritmos (db_handle) creada: 140706000481696
2025-11-03 16:05:17,300 - __main__ - INFO - Dispositivos detectados: 1
2025-11-03 16:05:18,878 - __main__ - INFO - Solicitud: Abrir dispositivo (índice: 0)
2025-11-03 16:05:18,879 - __main__ - INFO - Intentando abrir dispositivo con índice 0...
2025-11-03 16:05:20,184 - __main__ - INFO - Handle obtenido: 2096015544624
2025-11-03 16:05:20,184 - __main__ - INFO - Dispositivo abierto correctamente
2025-11-03 16:05:20,191 - __main__ - INFO - Dimensiones de imagen: 284x363
2025-11-03 16:05:20,194 - __main__ - INFO - Loop de captura iniciado
2025-11-03 16:05:20,194 - __main__ - INFO - Captura iniciada
2025-11-03 16:05:20,195 - __main__ - INFO - Buffers creados: imagen=103092, template=2048
2025-11-03 16:05:32,423 - __main__ - INFO - Solicitud: Cambiar modo a 'registering'
2025-11-03 16:05:32,424 - __main__ - INFO - Modo cambiado a: registering
2025-11-03 16:05:33,176 - __main__ - INFO - ✅ Captura 1/3 completada - Tamaño: 704 bytes
2025-11-03 16:05:33,176 - __main__ - INFO - ⏳ Progreso: 1/3 capturas
2025-11-03 16:05:33,178 - __main__ - INFO - Captura 1/3. Cambiando a estado 'WAIT_FOR_LIFT'
2025-11-03 16:05:33,323 - __main__ - INFO - Dedo levantado. Cambiando a estado 'CAPTURE'
2025-11-03 16:05:34,981 - __main__ - INFO - ✅ Captura 2/3 completada - Tamaño: 726 bytes
2025-11-03 16:05:34,982 - __main__ - INFO - ⏳ Progreso: 2/3 capturas
2025-11-03 16:05:34,984 - __main__ - INFO - Captura 2/3. Cambiando a estado 'WAIT_FOR_LIFT'
2025-11-03 16:05:35,127 - __main__ - INFO - Dedo levantado. Cambiando a estado 'CAPTURE'
2025-11-03 16:05:36,428 - __main__ - INFO - ✅ Captura 3/3 completada - Tamaño: 672 bytes
2025-11-03 16:05:36,429 - __main__ - INFO - 🎯 3 CAPTURAS COMPLETADAS - Preparando generación de plantilla final...
2025-11-03 16:05:36,431 - __main__ - INFO - ⏳ Pausa de 2 segundos para estabilizar dispositivo...
2025-11-03 16:05:38,433 - __main__ - INFO - ✅ Plantillas validadas - tamaños: [704, 726, 672]
2025-11-03 16:05:38,434 - __main__ - INFO - 🔄 Intento 1 de 3 - Estrategia: normal
2025-11-03 16:05:38,437 - __main__ - INFO - 🔧 Creando buffers para plantillas...
2025-11-03 16:05:38,441 - __main__ - INFO - 🎯 Llamando ZKFPM_GenRegTemplate...
2025-11-03 16:05:38,442 - __main__ - INFO - 📊 Resultado de GenRegTemplate: -7 (Handle inválido)
2025-11-03 16:05:38,449 - __main__ - ERROR - ❌ Error al generar plantilla (intento 1): Handle inválido
2025-11-03 16:05:38,449 - __main__ - WARNING - 🔧 Error de handle inválido - intentando recuperación...
2025-11-03 16:05:38,451 - __main__ - WARNING - 🔄 Intentando reconexión automática del dispositivo...
2025-11-03 16:05:38,454 - __main__ - WARNING - 🔧 _reconnect_device llamado por el hilo de captura (auto-reparación).
2025-11-03 16:05:38,466 - __main__ - WARNING - 🔧 Omitiendo espera de thread (auto-llamada).
2025-11-03 16:05:38,468 - __main__ - INFO - 🔒 Liberando cache de algoritmos (db_handle)...
2025-11-03 16:05:38,472 - __main__ - INFO - ✅ db_handle liberado correctamente
2025-11-03 16:05:38,473 - __main__ - INFO - 🔒 Terminando SDK...
2025-11-03 16:05:38,475 - __main__ - INFO - ✅ SDK terminado correctamente
2025-11-03 16:05:38,476 - __main__ - INFO - ⏳ Esperando 3 segundos para reset del dispositivo...
2025-11-03 16:05:41,478 - __main__ - INFO - 🔄 Reinicializando SDK...
2025-11-04 09:15:59,083 - __main__ - INFO - === ZKTeco USB Bridge Service Iniciado ===
2025-11-04 09:15:59,085 - __main__ - INFO - Ejecutando en modo 64-bit
2025-11-04 09:16:00,242 - __main__ - INFO - DLL cargada exitosamente
2025-11-04 09:16:00,243 - __main__ - INFO - SDK de ZKTeco cargado correctamente con prototipos seguros
2025-11-04 09:16:00,249 - __main__ - INFO - Instancia de ZKTecoDevice creada correctamente
2025-11-04 09:16:10,639 - __main__ - INFO - Solicitud: Inicializar dispositivo
2025-11-04 09:16:10,640 - __main__ - INFO - Inicializando dispositivo...
2025-11-04 09:16:11,280 - __main__ - INFO - Código de retorno de Init: -1
2025-11-04 09:16:11,280 - __main__ - ERROR - Error al inicializar: Error al inicializar librería
2025-11-04 09:16:16,500 - __main__ - INFO - Solicitud: Inicializar dispositivo
2025-11-04 09:16:16,501 - __main__ - INFO - Inicializando dispositivo...
2025-11-04 09:16:16,510 - __main__ - INFO - Código de retorno de Init: -1
2025-11-04 09:16:16,510 - __main__ - ERROR - Error al inicializar: Error al inicializar librería
2025-11-04 09:23:59,586 - __main__ - INFO - === ZKTeco USB Bridge Service Iniciado ===
2025-11-04 09:23:59,586 - __main__ - INFO - Ejecutando en modo 64-bit
2025-11-04 09:23:59,608 - __main__ - INFO - DLL cargada exitosamente
2025-11-04 09:23:59,609 - __main__ - INFO - SDK de ZKTeco cargado correctamente con prototipos seguros
2025-11-04 09:23:59,614 - __main__ - INFO - Instancia de ZKTecoDevice creada correctamente
2025-11-04 09:34:54,519 - __main__ - INFO - Solicitud: Inicializar dispositivo
2025-11-04 09:34:54,520 - __main__ - INFO - Inicializando dispositivo...
2025-11-04 09:34:54,603 - __main__ - INFO - Código de retorno de Init: -1
2025-11-04 09:34:54,604 - __main__ - ERROR - Error al inicializar: Error al inicializar librería
2025-11-04 09:51:21,533 - __main__ - INFO - === ZKTeco USB Bridge Service Iniciado ===
2025-11-04 09:51:21,534 - __main__ - INFO - Ejecutando en modo 64-bit
2025-11-04 09:51:21,559 - __main__ - INFO - DLL cargada exitosamente
2025-11-04 09:51:21,560 - __main__ - INFO - SDK de ZKTeco cargado correctamente con prototipos seguros
2025-11-04 09:51:21,565 - __main__ - INFO - Instancia de ZKTecoDevice creada correctamente
2025-11-04 09:51:32,557 - __main__ - INFO - Solicitud: Inicializar dispositivo
2025-11-04 09:51:32,557 - __main__ - INFO - Inicializando dispositivo...
2025-11-04 09:51:32,630 - __main__ - INFO - Código de retorno de Init: -1
2025-11-04 09:51:32,631 - __main__ - ERROR - Error al inicializar: Error al inicializar librería
2025-11-04 09:59:54,609 - __main__ - INFO - === ZKTeco USB Bridge Service Iniciado ===
2025-11-04 09:59:54,610 - __main__ - INFO - Ejecutando en modo 64-bit
2025-11-04 09:59:54,634 - __main__ - INFO - DLL cargada exitosamente
2025-11-04 09:59:54,634 - __main__ - INFO - SDK de ZKTeco cargado correctamente con prototipos seguros
2025-11-04 09:59:54,639 - __main__ - INFO - Instancia de ZKTecoDevice creada correctamente
2025-11-04 10:00:05,798 - __main__ - INFO - Solicitud: Inicializar dispositivo
2025-11-04 10:00:05,799 - __main__ - INFO - Inicializando dispositivo...
2025-11-04 10:00:05,948 - __main__ - INFO - Código de retorno de Init: 0
2025-11-04 10:00:05,949 - __main__ - INFO - ✅ Cache de algoritmos (db_handle) creada: 140714088410528
2025-11-04 10:00:05,952 - __main__ - INFO - Dispositivos detectados: 1
2025-11-04 10:00:11,571 - __main__ - INFO - Solicitud: Abrir dispositivo (índice: 0)
2025-11-04 10:00:11,572 - __main__ - INFO - Intentando abrir dispositivo con índice 0...
2025-11-04 10:00:12,881 - __main__ - INFO - Handle obtenido: 2075256820016
2025-11-04 10:00:12,883 - __main__ - INFO - Dispositivo abierto correctamente
2025-11-04 10:00:12,885 - __main__ - INFO - Dimensiones de imagen: 284x363
2025-11-04 10:00:12,887 - __main__ - INFO - Loop de captura iniciado
2025-11-04 10:00:12,887 - __main__ - INFO - Captura iniciada
2025-11-04 10:00:12,888 - __main__ - INFO - Buffers creados: imagen=103092, template=2048
2025-11-04 10:00:29,935 - __main__ - INFO - Solicitud: Cambiar modo a 'registering'
2025-11-04 10:00:29,937 - __main__ - INFO - Modo cambiado a: registering
2025-11-04 10:00:30,948 - __main__ - INFO - ✅ Captura 1/3 completada - Tamaño: 1056 bytes
2025-11-04 10:00:30,948 - __main__ - INFO - ⏳ Progreso: 1/3 capturas
2025-11-04 10:00:30,949 - __main__ - INFO - Captura 1/3. Cambiando a estado 'WAIT_FOR_LIFT'
2025-11-04 10:00:31,090 - __main__ - INFO - Dedo levantado. Cambiando a estado 'CAPTURE'
2025-11-04 10:00:32,599 - __main__ - INFO - ✅ Captura 2/3 completada - Tamaño: 966 bytes
2025-11-04 10:00:32,600 - __main__ - INFO - ⏳ Progreso: 2/3 capturas
2025-11-04 10:00:32,600 - __main__ - INFO - Captura 2/3. Cambiando a estado 'WAIT_FOR_LIFT'
2025-11-04 10:00:32,743 - __main__ - INFO - Dedo levantado. Cambiando a estado 'CAPTURE'
2025-11-04 10:00:34,220 - __main__ - INFO - ✅ Captura 3/3 completada - Tamaño: 922 bytes
2025-11-04 10:00:34,220 - __main__ - INFO - 🎯 3 CAPTURAS COMPLETADAS - Preparando generación de plantilla final...
2025-11-04 10:00:34,223 - __main__ - INFO - ⏳ Pausa de 2 segundos para estabilizar dispositivo...
2025-11-04 10:00:36,224 - __main__ - INFO - ✅ Plantillas validadas - tamaños: [1056, 966, 922]
2025-11-04 10:00:36,224 - __main__ - INFO - 🔄 Intento 1 de 3 - Estrategia: normal
2025-11-04 10:00:36,225 - __main__ - INFO - 🔧 Creando buffers para plantillas...
2025-11-04 10:00:36,226 - __main__ - INFO - 🎯 Llamando ZKFPM_GenRegTemplate...
2025-11-04 10:00:36,226 - __main__ - INFO - 📊 Resultado de GenRegTemplate: -7 (Handle inválido)
2025-11-04 10:00:36,227 - __main__ - ERROR - ❌ Error al generar plantilla (intento 1): Handle inválido
2025-11-04 10:00:36,227 - __main__ - WARNING - 🔧 Error de handle inválido - intentando recuperación...
2025-11-04 10:00:36,227 - __main__ - WARNING - 🔄 Intentando reconexión automática del dispositivo...
2025-11-04 10:00:36,228 - __main__ - WARNING - 🔧 _reconnect_device llamado por el hilo de captura (auto-reparación).
2025-11-04 10:00:36,228 - __main__ - WARNING - 🔧 Omitiendo espera de thread (auto-llamada).
2025-11-04 10:00:36,228 - __main__ - INFO - 🔒 Liberando cache de algoritmos (db_handle)...
2025-11-04 10:00:36,232 - __main__ - INFO - ✅ db_handle liberado correctamente
2025-11-04 10:00:36,233 - __main__ - INFO - 🔒 Terminando SDK...
2025-11-04 10:00:36,234 - __main__ - INFO - ✅ SDK terminado correctamente
2025-11-04 10:00:36,234 - __main__ - INFO - ⏳ Esperando 3 segundos para reset del dispositivo...
2025-11-04 10:00:39,236 - __main__ - INFO - 🔄 Reinicializando SDK...
2025-11-04 12:32:02,338 - __main__ - INFO - === ZKTeco USB Bridge Service Iniciado ===
2025-11-04 12:32:02,340 - __main__ - INFO - Ejecutando en modo 64-bit
2025-11-04 12:32:02,408 - __main__ - INFO - DLL cargada exitosamente
2025-11-04 12:32:02,409 - __main__ - INFO - SDK de ZKTeco cargado correctamente con prototipos seguros
2025-11-04 12:32:02,417 - __main__ - INFO - Instancia de ZKTecoDevice creada correctamente
2025-11-04 12:34:01,004 - __main__ - INFO - === ZKTeco USB Bridge Service Iniciado ===
2025-11-04 12:34:01,005 - __main__ - INFO - Ejecutando en modo 64-bit
2025-11-04 12:34:01,014 - __main__ - INFO - DLL cargada exitosamente
2025-11-04 12:34:01,015 - __main__ - INFO - SDK de ZKTeco cargado correctamente con prototipos seguros
2025-11-04 12:34:01,017 - __main__ - INFO - Instancia de ZKTecoDevice creada correctamente
2025-11-04 12:35:05,706 - __main__ - INFO - === ZKTeco USB Bridge Service Iniciado ===
2025-11-04 12:35:05,707 - __main__ - INFO - Ejecutando en modo 64-bit
2025-11-04 12:35:05,717 - __main__ - INFO - DLL cargada exitosamente
2025-11-04 12:35:05,719 - __main__ - INFO - SDK de ZKTeco cargado correctamente con prototipos seguros
2025-11-04 12:35:05,721 - __main__ - INFO - Instancia de ZKTecoDevice creada correctamente
2025-11-04 12:35:30,946 - __main__ - INFO - Solicitud: Inicializar dispositivo
2025-11-04 12:35:30,947 - __main__ - INFO - Inicializando dispositivo...
2025-11-04 12:35:31,732 - __main__ - INFO - Código de retorno de Init: 0
2025-11-04 12:35:31,733 - __main__ - INFO - ✅ Cache de algoritmos (db_handle) creada: 140713979817376
2025-11-04 12:35:31,734 - __main__ - INFO - Dispositivos detectados: 1
2025-11-04 12:35:33,920 - __main__ - INFO - Solicitud: Abrir dispositivo (índice: 0)
2025-11-04 12:35:33,920 - __main__ - INFO - Intentando abrir dispositivo con índice 0...
2025-11-04 12:35:35,228 - __main__ - INFO - Handle obtenido: 2451566498096
2025-11-04 12:35:35,229 - __main__ - INFO - Dispositivo abierto correctamente
2025-11-04 12:35:35,230 - __main__ - INFO - Dimensiones de imagen: 284x363
2025-11-04 12:35:35,231 - __main__ - INFO - Loop de captura iniciado
2025-11-04 12:35:35,231 - __main__ - INFO - Captura iniciada
2025-11-04 12:35:35,231 - __main__ - INFO - Buffers creados: imagen=103092, template=2048
2025-11-04 12:35:45,831 - __main__ - INFO - Solicitud: Cambiar modo a 'registering'
2025-11-04 12:35:45,832 - __main__ - INFO - Modo cambiado a: registering
2025-11-04 12:35:46,812 - __main__ - INFO - ✅ Captura 1/3 completada - Tamaño: 880 bytes
2025-11-04 12:35:46,813 - __main__ - INFO - ⏳ Progreso: 1/3 capturas
2025-11-04 12:35:46,814 - __main__ - INFO - Captura 1/3. Cambiando a estado 'WAIT_FOR_LIFT'
2025-11-04 12:35:46,955 - __main__ - INFO - Dedo levantado. Cambiando a estado 'CAPTURE'
2025-11-04 12:35:48,419 - __main__ - INFO - ✅ Captura 2/3 completada - Tamaño: 736 bytes
2025-11-04 12:35:48,420 - __main__ - INFO - ⏳ Progreso: 2/3 capturas
2025-11-04 12:35:48,420 - __main__ - INFO - Captura 2/3. Cambiando a estado 'WAIT_FOR_LIFT'
2025-11-04 12:35:48,561 - __main__ - INFO - Dedo levantado. Cambiando a estado 'CAPTURE'
2025-11-04 12:35:50,288 - __main__ - INFO - ✅ Captura 3/3 completada - Tamaño: 846 bytes
2025-11-04 12:35:50,289 - __main__ - INFO - 🎯 3 CAPTURAS COMPLETADAS - Preparando generación de plantilla final...
2025-11-04 12:35:50,298 - __main__ - INFO - ⏳ Pausa de 2 segundos para estabilizar dispositivo...
2025-11-04 12:35:52,299 - __main__ - INFO - ✅ Plantillas validadas - tamaños: [880, 736, 846]
2025-11-04 12:35:52,300 - __main__ - INFO - 🔄 Intento 1 de 3
2025-11-04 12:35:52,301 - __main__ - INFO - 🔧 Creando buffers para plantillas...
2025-11-04 12:35:52,303 - __main__ - INFO - 🎯 Llamando ZKFPM_GenRegTemplate...
2025-11-04 12:35:52,327 - __main__ - INFO - 📊 Resultado de GenRegTemplate: 0 (Operación exitosa)
2025-11-04 12:35:52,327 - __main__ - INFO - ✅ Plantilla final generada - Tamaño: 846 bytes
2025-11-04 12:35:52,328 - __main__ - INFO - ✅ Plantilla final guardada en last_capture
2025-11-04 12:35:52,329 - __main__ - INFO - ✅ REGISTRO COMPLETADO EXITOSAMENTE
2025-11-04 12:35:52,330 - __main__ - INFO - Registro completado, deteniendo loop de captura...
2025-11-04 12:35:52,331 - __main__ - INFO - Loop de captura finalizado
2025-11-04 12:35:53,055 - __main__ - INFO - Solicitud: Resetear registro
2025-11-04 12:35:53,055 - __main__ - INFO - Reset manual de registro solicitado por frontend
2025-11-04 12:35:53,056 - __main__ - INFO - Estado de registro reseteado completamente
2025-11-04 13:35:17,119 - __main__ - INFO - === ZKTeco USB Bridge Service Iniciado ===
2025-11-04 13:35:17,119 - __main__ - INFO - Ejecutando en modo 64-bit
2025-11-04 13:35:17,134 - __main__ - INFO - DLL cargada exitosamente
2025-11-04 13:35:17,135 - __main__ - INFO - SDK de ZKTeco cargado correctamente con prototipos seguros
2025-11-04 13:35:17,137 - __main__ - INFO - Instancia de ZKTecoDevice creada correctamente
2025-11-04 13:41:56,470 - __main__ - INFO - Solicitud: Inicializar dispositivo
2025-11-04 13:41:56,471 - __main__ - INFO - Inicializando dispositivo...
2025-11-04 13:41:56,659 - __main__ - INFO - Código de retorno de Init: 0
2025-11-04 13:41:56,659 - __main__ - INFO - ✅ Cache de algoritmos (db_handle) creada: 140714087755168
2025-11-04 13:41:56,662 - __main__ - INFO - Dispositivos detectados: 1
2025-11-04 13:42:13,119 - __main__ - INFO - Solicitud: Abrir dispositivo (índice: 0)
2025-11-04 13:42:13,120 - __main__ - INFO - Intentando abrir dispositivo con índice 0...
2025-11-04 13:42:14,440 - __main__ - INFO - Handle obtenido: 2027894214960
2025-11-04 13:42:14,441 - __main__ - INFO - Dispositivo abierto correctamente
2025-11-04 13:42:14,445 - __main__ - INFO - Dimensiones de imagen: 284x363
2025-11-04 13:42:14,448 - __main__ - INFO - Loop de captura iniciado
2025-11-04 13:42:14,448 - __main__ - INFO - Captura iniciada
2025-11-04 13:42:14,451 - __main__ - INFO - Buffers creados: imagen=103092, template=2048
2025-11-04 13:42:32,783 - __main__ - INFO - Solicitud: Cambiar modo a 'registering'
2025-11-04 13:42:32,784 - __main__ - INFO - Modo cambiado a: registering
2025-11-04 13:42:34,164 - __main__ - INFO - ✅ Captura 1/3 completada - Tamaño: 1062 bytes
2025-11-04 13:42:34,165 - __main__ - INFO - ⏳ Progreso: 1/3 capturas
2025-11-04 13:42:34,166 - __main__ - INFO - Captura 1/3. Cambiando a estado 'WAIT_FOR_LIFT'
2025-11-04 13:42:34,312 - __main__ - INFO - Dedo levantado. Cambiando a estado 'CAPTURE'
2025-11-04 13:42:34,813 - __main__ - INFO - ✅ Captura 2/3 completada - Tamaño: 1018 bytes
2025-11-04 13:42:34,813 - __main__ - INFO - ⏳ Progreso: 2/3 capturas
2025-11-04 13:42:34,815 - __main__ - INFO - Captura 2/3. Cambiando a estado 'WAIT_FOR_LIFT'
2025-11-04 13:42:34,960 - __main__ - INFO - Dedo levantado. Cambiando a estado 'CAPTURE'
2025-11-04 13:42:36,085 - __main__ - INFO - ✅ Captura 3/3 completada - Tamaño: 702 bytes
2025-11-04 13:42:36,085 - __main__ - INFO - 🎯 3 CAPTURAS COMPLETADAS - Preparando generación de plantilla final...
2025-11-04 13:42:37,588 - __main__ - INFO - ✅ Plantillas validadas - tamaños: [1062, 1018, 702]
2025-11-04 13:42:37,588 - __main__ - INFO - 🔄 Intento 1 de 3
2025-11-04 13:42:37,592 - __main__ - INFO - 🔧 Creando buffers para plantillas...
2025-11-04 13:42:37,594 - __main__ - INFO - 🎯 Llamando ZKFPM_GenRegTemplate...
2025-11-04 13:42:37,606 - __main__ - INFO - 📊 Resultado de GenRegTemplate: 0 (Operación exitosa)
2025-11-04 13:42:37,607 - __main__ - INFO - ✅ Plantilla final generada - Tamaño: 1018 bytes
2025-11-04 13:42:37,609 - __main__ - INFO - ✅ Plantilla final guardada en last_capture
2025-11-04 13:42:37,611 - __main__ - INFO - ✅ REGISTRO COMPLETADO EXITOSAMENTE
2025-11-04 13:42:37,612 - __main__ - INFO - ✅ Plantilla final confirmada en last_capture (tamaño: 1360)
2025-11-04 13:42:37,612 - __main__ - INFO - ✅ Estado de registro actualizado: registration_complete=True
2025-11-04 13:42:37,613 - __main__ - INFO - Registro completado, deteniendo loop de captura...
2025-11-04 13:42:37,614 - __main__ - INFO - Loop de captura finalizado
2025-11-04 13:42:38,956 - __main__ - INFO - Solicitud: Resetear registro
2025-11-04 13:42:38,957 - __main__ - INFO - Reset manual de registro solicitado por frontend
2025-11-04 13:42:38,959 - __main__ - INFO - Estado de registro reseteado completamente
